<?xml version="1.0" encoding="UTF-8" ?>
<testsuite failures="0" time="0.012" errors="0" skipped="0" tests="1" name="org.kodoliti.fluid.xml.umarshall.XMLParserTest">
  <properties>
    <property name="java.runtime.name" value="Java(TM) SE Runtime Environment"/>
    <property name="sun.boot.library.path" value="c:\Program Files\Java\jdk1.7.0_01\jre\bin"/>
    <property name="java.vm.version" value="21.1-b02"/>
    <property name="java.vm.vendor" value="Oracle Corporation"/>
    <property name="java.vendor.url" value="http://java.oracle.com/"/>
    <property name="path.separator" value=";"/>
    <property name="java.vm.name" value="Java HotSpot(TM) 64-Bit Server VM"/>
    <property name="file.encoding.pkg" value="sun.io"/>
    <property name="user.script" value=""/>
    <property name="user.country" value="PL"/>
    <property name="sun.java.launcher" value="SUN_STANDARD"/>
    <property name="sun.os.patch.level" value=""/>
    <property name="java.vm.specification.name" value="Java Virtual Machine Specification"/>
    <property name="user.dir" value="H:\workspace-kodoliti\git\fluid\fluid-core"/>
    <property name="java.runtime.version" value="1.7.0_01-b08"/>
    <property name="java.awt.graphicsenv" value="sun.awt.Win32GraphicsEnvironment"/>
    <property name="basedir" value="H:\workspace-kodoliti\git\fluid\fluid-core"/>
    <property name="java.endorsed.dirs" value="c:\Program Files\Java\jdk1.7.0_01\jre\lib\endorsed"/>
    <property name="os.arch" value="amd64"/>
    <property name="surefire.real.class.path" value="H:\workspace-kodoliti\git\fluid\fluid-core\target\surefire\surefirebooter5428277380916497644.jar"/>
    <property name="java.io.tmpdir" value="C:\Users\AWojcik\AppData\Local\Temp\"/>
    <property name="line.separator" value="
"/>
    <property name="java.vm.specification.vendor" value="Oracle Corporation"/>
    <property name="user.variant" value=""/>
    <property name="os.name" value="Windows 7"/>
    <property name="sun.jnu.encoding" value="Cp1250"/>
    <property name="java.library.path" value="c:\Program Files\Java\jdk1.7.0_01\jre\bin;C:\Windows\Sun\Java\bin;C:\Windows\system32;C:\Windows;C:\Program Files (x86)\OCaml\emacs-23.3\bin;C:\Tcl\bin;C:\Program Files (x86)\OCaml\bin;C:\Windows\system32;C:\Windows;C:\Windows\System32\Wbem;C:\Windows\System32\WindowsPowerShell\v1.0\;C:\Program Files\Intel\WiFi\bin\;C:\Program Files\Common Files\Intel\WirelessCommon\;h:\dev\maven\bin\;C:\Program Files (x86)\Microsoft SQL Server\90\Tools\binn\;C:\Program Files\TortoiseSVN\bin;C:\Program Files (x86)\Subversion\bin\;c:\Program Files\Java\jdk1.7.0_01\bin;C:\Program Files (x86)\git-cola\bin;H:\dev\sbt\;C:\Program Files\nodejs\;H:\dev\opscode\chef\bin;H:\dev\opscode\chef\\embedded\bin;H:\dev\vagrant\vagrant\bin;C:\Program Files\Intel\WiFi\bin\;C:\Program Files\Common Files\Intel\WirelessCommon\;h:\dev\maven\bin\;c:\Program Files\Java\jdk1.7.0_01\bin;C:\Users\AWojcik\AppData\Roaming\npm\;."/>
    <property name="surefire.test.class.path" value="H:\workspace-kodoliti\git\fluid\fluid-core\target\test-classes;H:\workspace-kodoliti\git\fluid\fluid-core\target\classes;H:\workspace-kodoliti\git\fluid\fluid-api\target\fluid-api-1.0.0-SNAPSHOT.jar;H:\workspace-kodoliti\git\fluid\fluid-asm\target\fluid-asm-1.0.0-SNAPSHOT.jar;C:\Users\AWojcik\.m2\repository\org\scala-lang\scala-library\2.10.0\scala-library-2.10.0.jar;C:\Users\AWojcik\.m2\repository\junit\junit\4.6\junit-4.6.jar;C:\Users\AWojcik\.m2\repository\org\scalatest\scalatest_2.10.0\1.8\scalatest_2.10.0-1.8.jar;C:\Users\AWojcik\.m2\repository\org\scala-lang\scala-actors\2.10.0\scala-actors-2.10.0.jar;C:\Users\AWojcik\.m2\repository\org\scala-lang\scala-reflect\2.10.0\scala-reflect-2.10.0.jar;"/>
    <property name="java.specification.name" value="Java Platform API Specification"/>
    <property name="java.class.version" value="51.0"/>
    <property name="sun.management.compiler" value="HotSpot 64-Bit Tiered Compilers"/>
    <property name="os.version" value="6.1"/>
    <property name="user.home" value="C:\Users\AWojcik"/>
    <property name="user.timezone" value=""/>
    <property name="java.awt.printerjob" value="sun.awt.windows.WPrinterJob"/>
    <property name="java.specification.version" value="1.7"/>
    <property name="file.encoding" value="Cp1250"/>
    <property name="user.name" value="AWojcik"/>
    <property name="java.class.path" value="H:\workspace-kodoliti\git\fluid\fluid-core\target\test-classes;H:\workspace-kodoliti\git\fluid\fluid-core\target\classes;H:\workspace-kodoliti\git\fluid\fluid-api\target\fluid-api-1.0.0-SNAPSHOT.jar;H:\workspace-kodoliti\git\fluid\fluid-asm\target\fluid-asm-1.0.0-SNAPSHOT.jar;C:\Users\AWojcik\.m2\repository\org\scala-lang\scala-library\2.10.0\scala-library-2.10.0.jar;C:\Users\AWojcik\.m2\repository\junit\junit\4.6\junit-4.6.jar;C:\Users\AWojcik\.m2\repository\org\scalatest\scalatest_2.10.0\1.8\scalatest_2.10.0-1.8.jar;C:\Users\AWojcik\.m2\repository\org\scala-lang\scala-actors\2.10.0\scala-actors-2.10.0.jar;C:\Users\AWojcik\.m2\repository\org\scala-lang\scala-reflect\2.10.0\scala-reflect-2.10.0.jar;"/>
    <property name="java.vm.specification.version" value="1.7"/>
    <property name="sun.arch.data.model" value="64"/>
    <property name="java.home" value="c:\Program Files\Java\jdk1.7.0_01\jre"/>
    <property name="sun.java.command" value="H:\workspace-kodoliti\git\fluid\fluid-core\target\surefire\surefirebooter5428277380916497644.jar H:\workspace-kodoliti\git\fluid\fluid-core\target\surefire\surefire6432297520766466074tmp H:\workspace-kodoliti\git\fluid\fluid-core\target\surefire\surefire5410874440359934399tmp"/>
    <property name="java.specification.vendor" value="Oracle Corporation"/>
    <property name="user.language" value="pl"/>
    <property name="awt.toolkit" value="sun.awt.windows.WToolkit"/>
    <property name="java.vm.info" value="mixed mode"/>
    <property name="java.version" value="1.7.0_01"/>
    <property name="java.ext.dirs" value="c:\Program Files\Java\jdk1.7.0_01\jre\lib\ext;C:\Windows\Sun\Java\lib\ext"/>
    <property name="sun.boot.class.path" value="c:\Program Files\Java\jdk1.7.0_01\jre\lib\resources.jar;c:\Program Files\Java\jdk1.7.0_01\jre\lib\rt.jar;c:\Program Files\Java\jdk1.7.0_01\jre\lib\sunrsasign.jar;c:\Program Files\Java\jdk1.7.0_01\jre\lib\jsse.jar;c:\Program Files\Java\jdk1.7.0_01\jre\lib\jce.jar;c:\Program Files\Java\jdk1.7.0_01\jre\lib\charsets.jar;c:\Program Files\Java\jdk1.7.0_01\jre\classes"/>
    <property name="java.vendor" value="Oracle Corporation"/>
    <property name="localRepository" value="C:\Users\AWojcik\.m2\repository"/>
    <property name="file.separator" value="\"/>
    <property name="java.vendor.url.bug" value="http://bugreport.sun.com/bugreport/"/>
    <property name="sun.cpu.endian" value="little"/>
    <property name="sun.io.unicode.encoding" value="UnicodeLittle"/>
    <property name="sun.desktop" value="windows"/>
    <property name="sun.cpu.isalist" value="amd64"/>
  </properties>
  <testcase time="0.012" classname="org.kodoliti.fluid.xml.umarshall.XMLParserTest" name="verifyEasy"/>
</testsuite>